2026-02-28 22:43:51,061 - INFO - ====== WebDriver manager ======
2026-02-28 22:43:52,235 - INFO - Get LATEST chromedriver version for google-chrome
2026-02-28 22:43:52,620 - INFO - Get LATEST chromedriver version for google-chrome
2026-02-28 22:43:52,866 - INFO - Get LATEST chromedriver version for google-chrome
2026-02-28 22:43:54,158 - INFO - WebDriver version 145.0.7632.117 selected
2026-02-28 22:43:54,165 - INFO - Modern chrome version https://storage.googleapis.com/chrome-for-testing-public/145.0.7632.117/win32/chromedriver-win32.zip
2026-02-28 22:43:54,165 - INFO - About to download new driver from https://storage.googleapis.com/chrome-for-testing-public/145.0.7632.117/win32/chromedriver-win32.zip
2026-02-28 22:43:54,511 - INFO - Driver downloading response is 200
2026-02-28 22:44:12,364 - INFO - Get LATEST chromedriver version for google-chrome
2026-02-28 22:44:12,694 - INFO - Driver has been saved in cache [C:\Users\Chirag\.wdm\drivers\chromedriver\win64\145.0.7632.117]
2026-02-28 22:47:58,070 - INFO - ====== WebDriver manager ======
2026-02-28 22:47:59,087 - INFO - Get LATEST chromedriver version for google-chrome
2026-02-28 22:47:59,378 - INFO - Get LATEST chromedriver version for google-chrome
2026-02-28 22:47:59,587 - INFO - Driver [C:\Users\Chirag\.wdm\drivers\chromedriver\win64\145.0.7632.117\chromedriver-win32/chromedriver.exe] found in cache
2026-02-28 22:48:01,689 - INFO - Visiting: https://www.python.org
2026-02-28 22:48:07,044 - INFO - Visiting: https://www.python.org/#content
2026-02-28 22:48:10,238 - INFO - Visiting: https://www.python.org/#python-network
2026-02-28 22:48:13,387 - INFO - Visiting: https://www.python.org/
2026-02-28 22:48:16,729 - INFO - Visiting: https://www.python.org/psf/
2026-02-28 22:48:20,500 - INFO - Visiting: https://www.python.org/jobs/
2026-02-28 22:48:32,247 - INFO - Visiting: https://www.python.org/community/
2026-02-28 22:48:35,624 - INFO - Visiting: https://www.python.org/#top
2026-02-28 22:48:39,012 - INFO - Visiting: https://www.python.org/#site-map
2026-02-28 22:48:42,201 - INFO - Visiting: https://www.python.org/#
2026-02-28 22:48:45,384 - INFO - Visiting: https://www.djangoproject.com
2026-02-28 22:48:54,434 - INFO - Visiting: https://www.djangoproject.com/#main-content
2026-02-28 22:48:56,816 - INFO - Visiting: https://www.djangoproject.com/
2026-02-28 22:48:59,247 - INFO - Visiting: https://www.djangoproject.com/start/overview/
2026-02-28 22:49:02,093 - INFO - Visiting: https://www.djangoproject.com/download/
2026-02-28 22:49:08,235 - INFO - Visiting: https://www.djangoproject.com/weblog/
2026-02-28 22:49:12,539 - INFO - Visiting: https://www.djangoproject.com/community/
2026-02-28 22:49:18,132 - INFO - Visiting: https://www.djangoproject.com/foundation/
2026-02-28 22:49:21,209 - INFO - Visiting: https://www.djangoproject.com/fundraising/
2026-02-28 22:49:36,698 - INFO - Visiting: https://www.djangoproject.com/start/
2026-02-28 22:49:40,929 - INFO - Visiting: https://flask.palletsprojects.com
2026-02-28 22:49:50,266 - INFO - Visiting: https://flask.palletsprojects.com/en/stable/genindex/
2026-02-28 22:50:01,090 - INFO - Visiting: https://flask.palletsprojects.com/en/stable/py-modindex/
2026-02-28 22:50:05,245 - INFO - Visiting: https://flask.palletsprojects.com/en/stable/installation/
2026-02-28 22:50:09,026 - INFO - Visiting: https://flask.palletsprojects.com/en/stable/#
2026-02-28 22:50:12,993 - INFO - Visiting: https://flask.palletsprojects.com/en/stable/#welcome-to-flask
2026-02-28 22:50:16,646 - INFO - Visiting: https://flask.palletsprojects.com/en/stable/_images/flask-name.svg
2026-02-28 22:50:18,706 - INFO - Visiting: https://flask.palletsprojects.com/en/stable/quickstart/
2026-02-28 22:50:24,546 - INFO - Visiting: https://flask.palletsprojects.com/en/stable/tutorial/
2026-02-28 22:50:29,345 - INFO - Visiting: https://flask.palletsprojects.com/en/stable/patterns/
2026-02-28 23:08:21,711 - INFO - ====== WebDriver manager ======
2026-02-28 23:08:24,039 - INFO - Get LATEST chromedriver version for google-chrome
2026-02-28 23:08:27,413 - INFO - Get LATEST chromedriver version for google-chrome
2026-02-28 23:08:28,490 - INFO - Driver [C:\Users\Chirag\.wdm\drivers\chromedriver\win64\145.0.7632.117\chromedriver-win32/chromedriver.exe] found in cache
2026-02-28 23:08:54,339 - INFO - ====== WebDriver manager ======
2026-02-28 23:08:55,861 - INFO - Get LATEST chromedriver version for google-chrome
2026-02-28 23:08:57,576 - INFO - Get LATEST chromedriver version for google-chrome
2026-02-28 23:08:59,419 - INFO - Driver [C:\Users\Chirag\.wdm\drivers\chromedriver\win64\145.0.7632.117\chromedriver-win32/chromedriver.exe] found in cache
2026-02-28 23:11:07,425 - INFO - ====== WebDriver manager ======
2026-02-28 23:11:08,918 - INFO - Get LATEST chromedriver version for google-chrome
2026-02-28 23:11:09,996 - INFO - Get LATEST chromedriver version for google-chrome
2026-02-28 23:11:11,213 - INFO - Driver [C:\Users\Chirag\.wdm\drivers\chromedriver\win64\145.0.7632.117\chromedriver-win32/chromedriver.exe] found in cache
2026-02-28 23:11:12,487 - INFO - Visiting: https://www.instagram.com/
2026-02-28 23:11:17,200 - INFO - Visiting: https://www.instagram.com/accounts/password/reset/
2026-02-28 23:11:21,234 - INFO - Visiting: https://www.instagram.com/accounts/emailsignup/?next=
2026-02-28 23:11:25,221 - INFO - Visiting: https://www.instagram.com/legal/privacy/
2026-02-28 23:12:27,595 - INFO - Visiting: https://www.instagram.com/legal/terms/
2026-02-28 23:12:34,935 - INFO - Visiting: https://www.instagram.com/explore/locations/
2026-02-28 23:12:40,052 - INFO - Visiting: https://www.instagram.com/web/lite/
2026-02-28 23:12:44,121 - INFO - Visiting: https://www.instagram.com/accounts/meta_verified/?entrypoint=web_footer
2026-02-28 23:12:48,110 - INFO - Visiting: https://www.instagram.com/developer/
2026-02-28 23:13:06,855 - INFO - Visiting: https://www.instagram.com/accounts/login/?next=%2Fexplore%2Flocations%2F&source=desktop_nav
2026-02-28 23:13:10,299 - INFO - Visiting: https://flask.palletsprojects.com
2026-02-28 23:13:19,405 - INFO - Visiting: https://flask.palletsprojects.com/en/stable/genindex/
2026-02-28 23:13:27,057 - INFO - Visiting: https://flask.palletsprojects.com/en/stable/py-modindex/
2026-02-28 23:13:30,222 - INFO - Visiting: https://flask.palletsprojects.com/en/stable/installation/
2026-02-28 23:13:34,454 - INFO - Visiting: https://flask.palletsprojects.com/en/stable/#
2026-02-28 23:13:40,260 - INFO - Visiting: https://flask.palletsprojects.com/en/stable/#welcome-to-flask
2026-02-28 23:13:45,260 - INFO - Visiting: https://flask.palletsprojects.com/en/stable/_images/flask-name.svg
2026-02-28 23:13:47,825 - INFO - Visiting: https://flask.palletsprojects.com/en/stable/quickstart/
2026-02-28 23:13:55,545 - INFO - Visiting: https://flask.palletsprojects.com/en/stable/tutorial/
2026-02-28 23:14:09,173 - INFO - Visiting: https://flask.palletsprojects.com/en/stable/patterns/
2026-02-28 23:49:31,903 - INFO - ====== WebDriver manager ======
2026-02-28 23:49:33,552 - INFO - Get LATEST chromedriver version for google-chrome
2026-02-28 23:49:33,814 - INFO - Get LATEST chromedriver version for google-chrome
2026-02-28 23:49:33,943 - INFO - Driver [C:\Users\Chirag\.wdm\drivers\chromedriver\win64\145.0.7632.117\chromedriver-win32/chromedriver.exe] found in cache
2026-02-28 23:49:35,278 - INFO - Visiting: https://www.mozilla.org/en-US/contact/
2026-02-28 23:49:41,298 - INFO - Visiting: https://www.mozilla.org/en-US/privacy/websites/cookie-settings/
2026-02-28 23:49:45,488 - INFO - Visiting: https://www.mozilla.org/en-US/
2026-02-28 23:49:50,057 - INFO - Visiting: https://www.mozilla.org/en-US/products/
2026-02-28 23:49:54,562 - INFO - Visiting: https://www.mozilla.org/en-US/products/vpn/
2026-02-28 23:49:59,618 - INFO - Visiting: https://www.mozilla.org/en-US/products/monitor/
2026-02-28 23:50:03,435 - INFO - Visiting: https://www.mozilla.org/en-US/about/
2026-02-28 23:50:07,337 - INFO - Visiting: https://www.mozilla.org/en-US/about/manifesto/
2026-02-28 23:50:12,180 - INFO - Visiting: https://www.mozilla.org/en-US/contribute/
2026-02-28 23:50:21,313 - INFO - Visiting: https://www.mozilla.org/en-US/advertising/
2026-02-28 23:57:02,211 - INFO - ====== WebDriver manager ======
2026-02-28 23:57:04,013 - INFO - Get LATEST chromedriver version for google-chrome
2026-02-28 23:57:07,477 - INFO - Get LATEST chromedriver version for google-chrome
2026-02-28 23:57:09,237 - INFO - Driver [C:\Users\Chirag\.wdm\drivers\chromedriver\win64\145.0.7632.117\chromedriver-win32/chromedriver.exe] found in cache
2026-02-28 23:57:10,894 - INFO - Visiting: https://www.lusha.com/
2026-02-28 23:57:30,899 - INFO - Visiting: https://www.lusha.com/cdn-cgi/content?id=5hBxIXeQqxuGaeFsVjjpS6pTjegOnNZMKR7wYrnIM6k-1772303236-1.1.1.1-29xmiIvveP_L3plirfV8OTSbrU0K1vizoQKPUOEZr7U
